Using pre-set license
Built from '2020.3/release' branch; Version is '2020.3.12f1 (b3b2c6512326) revision 11776710'; Using compiler version '192528614'; Build Type 'Release'
OS: 'Windows 10 Home; OS build 19041.1237; Version 2004; 64bit' Language: 'en' Physical Memory: 7778 MB
BatchMode: 1, IsHumanControllingUs: 0, StartBugReporterOnCrash: 0, Is64bit: 1, IsPro: 0

 COMMAND LINE ARGUMENTS:
C:\Program Files\Unity\Hub\Editor\2020.3.12f1\Editor\Unity.exe
-adb2
-batchMode
-noUpm
-name
AssetImportWorker2
-projectPath
C:/Users/danie/Projects/Y2 Proj/Year-2-Project
-logFile
Logs/AssetImportWorker2.log
-srvPort
62403
Successfully changed project path to: C:/Users/danie/Projects/Y2 Proj/Year-2-Project
C:/Users/danie/Projects/Y2 Proj/Year-2-Project
Using Asset Import Pipeline V2.
Refreshing native plugins compatible for Editor in 133.70 ms, found 2 plugins.
Preloading 0 native plugins for Editor in 0.00 ms.
Initialize engine version: 2020.3.12f1 (b3b2c6512326)
[Subsystems] Discovering subsystems at path C:/Program Files/Unity/Hub/Editor/2020.3.12f1/Editor/Data/Resources/UnitySubsystems
[Subsystems] Discovering subsystems at path C:/Users/danie/Projects/Y2 Proj/Year-2-Project/Assets
GfxDevice: creating device client; threaded=0
Direct3D:
    Version:  Direct3D 11.0 [level 11.1]
    Renderer: Intel(R) Iris(R) Plus Graphics (ID=0x8a5a)
    Vendor:   
    VRAM:     3889 MB
    Driver:   27.20.100.8681
Initialize mono
Mono path[0] = 'C:/Program Files/Unity/Hub/Editor/2020.3.12f1/Editor/Data/Managed'
Mono path[1] = 'C:/Program Files/Unity/Hub/Editor/2020.3.12f1/Editor/Data/MonoBleedingEdge/lib/mono/unityjit'
Mono config path = 'C:/Program Files/Unity/Hub/Editor/2020.3.12f1/Editor/Data/MonoBleedingEdge/etc'
Using monoOptions --debugger-agent=transport=dt_socket,embedding=1,server=y,suspend=n,address=127.0.0.1:56124
Begin MonoManager ReloadAssembly
Registering precompiled unity dll's ...
Register platform support module: C:/Program Files/Unity/Hub/Editor/2020.3.12f1/Editor/Data/PlaybackEngines/WindowsStandaloneSupport/UnityEditor.WindowsStandalone.Extensions.dll
Registered in 0.005542 seconds.
Native extension for WindowsStandalone target not found
Refreshing native plugins compatible for Editor in 93.08 ms, found 2 plugins.
Preloading 0 native plugins for Editor in 0.00 ms.
Mono: successfully reloaded assembly
- Completed reload, in  3.662 seconds
Platform modules already initialized, skipping
Registering precompiled user dll's ...
Registered in 0.010023 seconds.
Begin MonoManager ReloadAssembly
Native extension for WindowsStandalone target not found
Refreshing native plugins compatible for Editor in 1.27 ms, found 2 plugins.
Preloading 0 native plugins for Editor in 0.00 ms.
Mono: successfully reloaded assembly
- Completed reload, in  8.703 seconds
Platform modules already initialized, skipping
========================================================================
Worker process is ready to serve import requests
Launched and connected shader compiler UnityShaderCompiler.exe after 0.23 seconds
Refreshing native plugins compatible for Editor in 0.84 ms, found 2 plugins.
Preloading 0 native plugins for Editor in 0.00 ms.
Unloading 1389 Unused Serialized files (Serialized files now loaded: 0)
System memory in use before: 136.2 MB.
System memory in use after: 136.2 MB.

Unloading 18 unused Assets to reduce memory usage. Loaded Objects now: 1824.
Total: 4.867700 ms (FindLiveObjects: 0.452800 ms CreateObjectMapping: 0.126900 ms MarkObjects: 4.037100 ms  DeleteObjects: 0.247200 ms)

AssetImportParameters requested are different than current active one (requested -> active):
  custom:framework-win-MediaFoundation: 216162199b28c13a410421893ffa2e32 -> 
  custom:video-decoder-ogg-theora: a1e56fd34408186e4bbccfd4996cb3dc -> 
  custom:container-muxer-webm: aa71ff27fc2769a1b78a27578f13a17b -> 
  custom:container-demuxer-webm: 4f35f7cbe854078d1ac9338744f61a02 -> 
  custom:container-demuxer-ogg: 62fdf1f143b41e24485cea50d1cbac27 -> 
  custom:video-encoder-webm-vp8: eb34c28f22e8b96e1ab97ce403110664 -> 
  custom:video-codec-MediaFoundation-h265: 746d11721c4dcdbdad8f713fa42b33f4 -> 
  custom:video-decoder-webm-vp8: 9c59270c3fd7afecdb556c50c9e8de78 -> 
  custom:audio-decoder-ogg-vorbis: bf7c407c2cedff20999df2af8eb42d56 -> 
  custom:audio-encoder-webm-vorbis: bf7c407c2cedff20999df2af8eb42d56 -> 
========================================================================
Received Import Request.
  path: Assets/Scripts/FluidLogic.cs
  artifactKey: Guid(f1767528d6e680944959d8039f65ff8d) Importer(815301076,1909f56bfc062723c751e8b465ee728b)
Start importing Assets/Scripts/FluidLogic.cs using Guid(f1767528d6e680944959d8039f65ff8d) Importer(815301076,1909f56bfc062723c751e8b465ee728b)  -> (artifact id: 'ccee4fb598293155fe53293706004f72') in 0.071549 seconds 
  Import took 0.079973 seconds .

========================================================================
Received Import Request.
  Time since last request: 412.747501 seconds.
  path: Assets/Scripts/FluidLogic.cs
  artifactKey: Guid(f1767528d6e680944959d8039f65ff8d) Importer(815301076,1909f56bfc062723c751e8b465ee728b)
Start importing Assets/Scripts/FluidLogic.cs using Guid(f1767528d6e680944959d8039f65ff8d) Importer(815301076,1909f56bfc062723c751e8b465ee728b)  -> (artifact id: '0d7a1fcbdc259397e53d2accfd5b1992') in 0.006440 seconds 
  Import took 0.023754 seconds .

========================================================================
Received Import Request.
  Time since last request: 41.235207 seconds.
  path: Assets/Scripts/FluidLogic.cs
  artifactKey: Guid(f1767528d6e680944959d8039f65ff8d) Importer(815301076,1909f56bfc062723c751e8b465ee728b)
Start importing Assets/Scripts/FluidLogic.cs using Guid(f1767528d6e680944959d8039f65ff8d) Importer(815301076,1909f56bfc062723c751e8b465ee728b)  -> (artifact id: '37e3744f265f2a46065a5d31088fe45f') in 0.009979 seconds 
  Import took 0.019089 seconds .

========================================================================
Received Import Request.
  Time since last request: 52.843589 seconds.
  path: Assets/Scripts/FluidLogic.cs
  artifactKey: Guid(f1767528d6e680944959d8039f65ff8d) Importer(815301076,1909f56bfc062723c751e8b465ee728b)
Start importing Assets/Scripts/FluidLogic.cs using Guid(f1767528d6e680944959d8039f65ff8d) Importer(815301076,1909f56bfc062723c751e8b465ee728b)  -> (artifact id: 'e728d14764f78eef25f02e66876f818d') in 0.010080 seconds 
  Import took 0.019234 seconds .

========================================================================
Received Import Request.
  Time since last request: 7.417977 seconds.
  path: Assets/Scripts/FluidLogic.cs
  artifactKey: Guid(f1767528d6e680944959d8039f65ff8d) Importer(815301076,1909f56bfc062723c751e8b465ee728b)
Start importing Assets/Scripts/FluidLogic.cs using Guid(f1767528d6e680944959d8039f65ff8d) Importer(815301076,1909f56bfc062723c751e8b465ee728b)  -> (artifact id: 'c646b29d8e3a5bf0db57612ad81a101f') in 0.008866 seconds 
  Import took 0.016758 seconds .

========================================================================
Received Import Request.
  Time since last request: 104.627960 seconds.
  path: Assets/Scripts/FluidLogic.cs
  artifactKey: Guid(f1767528d6e680944959d8039f65ff8d) Importer(815301076,1909f56bfc062723c751e8b465ee728b)
Start importing Assets/Scripts/FluidLogic.cs using Guid(f1767528d6e680944959d8039f65ff8d) Importer(815301076,1909f56bfc062723c751e8b465ee728b)  -> (artifact id: '61c422c890d7ca75c61eb6858f3b6c6b') in 0.005415 seconds 
  Import took 0.014121 seconds .

========================================================================
Received Import Request.
  Time since last request: 43.483592 seconds.
  path: Assets/Scripts/FluidLogic.cs
  artifactKey: Guid(f1767528d6e680944959d8039f65ff8d) Importer(815301076,1909f56bfc062723c751e8b465ee728b)
Start importing Assets/Scripts/FluidLogic.cs using Guid(f1767528d6e680944959d8039f65ff8d) Importer(815301076,1909f56bfc062723c751e8b465ee728b)  -> (artifact id: '86abdbfa898976f108ccccfe0878c6ac') in 0.009256 seconds 
  Import took 0.018767 seconds .

========================================================================
Received Import Request.
  Time since last request: 96.876413 seconds.
  path: Assets/Scripts/FluidLogic.cs
  artifactKey: Guid(f1767528d6e680944959d8039f65ff8d) Importer(815301076,1909f56bfc062723c751e8b465ee728b)
Start importing Assets/Scripts/FluidLogic.cs using Guid(f1767528d6e680944959d8039f65ff8d) Importer(815301076,1909f56bfc062723c751e8b465ee728b)  -> (artifact id: '01ee94a634b7968e7c36eec7ae664507') in 0.008283 seconds 
  Import took 0.017188 seconds .

========================================================================
Received Import Request.
  Time since last request: 215.720182 seconds.
  path: Assets/Scripts/FluidLogic.cs
  artifactKey: Guid(f1767528d6e680944959d8039f65ff8d) Importer(815301076,1909f56bfc062723c751e8b465ee728b)
Start importing Assets/Scripts/FluidLogic.cs using Guid(f1767528d6e680944959d8039f65ff8d) Importer(815301076,1909f56bfc062723c751e8b465ee728b)  -> (artifact id: '81a36e5150371051727b649b2127ee8f') in 0.006807 seconds 
  Import took 0.012769 seconds .

========================================================================
Received Import Request.
  Time since last request: 59.412279 seconds.
  path: Assets/Scripts/FluidLogic.cs
  artifactKey: Guid(f1767528d6e680944959d8039f65ff8d) Importer(815301076,1909f56bfc062723c751e8b465ee728b)
Start importing Assets/Scripts/FluidLogic.cs using Guid(f1767528d6e680944959d8039f65ff8d) Importer(815301076,1909f56bfc062723c751e8b465ee728b)  -> (artifact id: 'c006ec6886c1bbeb3945eca90669e0c8') in 0.008948 seconds 
  Import took 0.015785 seconds .

========================================================================
Received Import Request.
  Time since last request: 131.142431 seconds.
  path: Assets/Scripts/FluidLogic.cs
  artifactKey: Guid(f1767528d6e680944959d8039f65ff8d) Importer(815301076,1909f56bfc062723c751e8b465ee728b)
Start importing Assets/Scripts/FluidLogic.cs using Guid(f1767528d6e680944959d8039f65ff8d) Importer(815301076,1909f56bfc062723c751e8b465ee728b)  -> (artifact id: '0703bf1302d88eadaaac5f354a88630e') in 0.009269 seconds 
  Import took 0.015890 seconds .

========================================================================
Received Import Request.
  Time since last request: 58.065120 seconds.
  path: Assets/Scripts/FluidLogic.cs
  artifactKey: Guid(f1767528d6e680944959d8039f65ff8d) Importer(815301076,1909f56bfc062723c751e8b465ee728b)
Start importing Assets/Scripts/FluidLogic.cs using Guid(f1767528d6e680944959d8039f65ff8d) Importer(815301076,1909f56bfc062723c751e8b465ee728b)  -> (artifact id: '186ebd3564c494800c1c22d9d5b5dbcc') in 0.010502 seconds 
  Import took 0.018252 seconds .

========================================================================
Received Import Request.
  Time since last request: 1005.128033 seconds.
  path: Assets/Scripts/FluidLogic.cs
  artifactKey: Guid(f1767528d6e680944959d8039f65ff8d) Importer(815301076,1909f56bfc062723c751e8b465ee728b)
Start importing Assets/Scripts/FluidLogic.cs using Guid(f1767528d6e680944959d8039f65ff8d) Importer(815301076,1909f56bfc062723c751e8b465ee728b)  -> (artifact id: 'e850bbf5db11a680c2f608503f87ea87') in 0.008434 seconds 
  Import took 0.045307 seconds .

========================================================================
Received Import Request.
  Time since last request: 5.327544 seconds.
  path: Assets/Scripts/FluidLogic.cs
  artifactKey: Guid(f1767528d6e680944959d8039f65ff8d) Importer(815301076,1909f56bfc062723c751e8b465ee728b)
Start importing Assets/Scripts/FluidLogic.cs using Guid(f1767528d6e680944959d8039f65ff8d) Importer(815301076,1909f56bfc062723c751e8b465ee728b)  -> (artifact id: '34a5c231ec94f08361dc808bf584554f') in 0.010314 seconds 
  Import took 0.018324 seconds .

========================================================================
Received Import Request.
  Time since last request: 226.936051 seconds.
  path: Assets/Scripts/FluidLogic.cs
  artifactKey: Guid(f1767528d6e680944959d8039f65ff8d) Importer(815301076,1909f56bfc062723c751e8b465ee728b)
Start importing Assets/Scripts/FluidLogic.cs using Guid(f1767528d6e680944959d8039f65ff8d) Importer(815301076,1909f56bfc062723c751e8b465ee728b)  -> (artifact id: '5b62af335c75c86ab4ba98082da23175') in 0.011158 seconds 
  Import took 0.018899 seconds .

========================================================================
Received Import Request.
  Time since last request: 6.396661 seconds.
  path: Assets/Scripts/FluidLogic.cs
  artifactKey: Guid(f1767528d6e680944959d8039f65ff8d) Importer(815301076,1909f56bfc062723c751e8b465ee728b)
Start importing Assets/Scripts/FluidLogic.cs using Guid(f1767528d6e680944959d8039f65ff8d) Importer(815301076,1909f56bfc062723c751e8b465ee728b)  -> (artifact id: '233d538d3a197dc85c5571e31add6623') in 0.009209 seconds 
  Import took 0.018979 seconds .

========================================================================
Received Import Request.
  Time since last request: 5.694974 seconds.
  path: Assets/Scripts/FluidLogic.cs
  artifactKey: Guid(f1767528d6e680944959d8039f65ff8d) Importer(815301076,1909f56bfc062723c751e8b465ee728b)
Start importing Assets/Scripts/FluidLogic.cs using Guid(f1767528d6e680944959d8039f65ff8d) Importer(815301076,1909f56bfc062723c751e8b465ee728b)  -> (artifact id: '6cad1fe42465d07b575b335adf4d3a1b') in 0.009116 seconds 
  Import took 0.023117 seconds .

========================================================================
Received Import Request.
  Time since last request: 245.246235 seconds.
  path: Assets/Scripts/FluidLogic.cs
  artifactKey: Guid(f1767528d6e680944959d8039f65ff8d) Importer(815301076,1909f56bfc062723c751e8b465ee728b)
Start importing Assets/Scripts/FluidLogic.cs using Guid(f1767528d6e680944959d8039f65ff8d) Importer(815301076,1909f56bfc062723c751e8b465ee728b)  -> (artifact id: '0fa39753005e634036617c523a54cf49') in 0.010568 seconds 
  Import took 0.018955 seconds .

========================================================================
Received Import Request.
  Time since last request: 60.227156 seconds.
  path: Assets/Scripts/FluidLogic.cs
  artifactKey: Guid(f1767528d6e680944959d8039f65ff8d) Importer(815301076,1909f56bfc062723c751e8b465ee728b)
Start importing Assets/Scripts/FluidLogic.cs using Guid(f1767528d6e680944959d8039f65ff8d) Importer(815301076,1909f56bfc062723c751e8b465ee728b)  -> (artifact id: '143ceeb9d50a8fc0fd82e67661764b1e') in 0.010599 seconds 
  Import took 0.024847 seconds .

========================================================================
Received Prepare
Registering precompiled user dll's ...
Registered in 0.009908 seconds.
Begin MonoManager ReloadAssembly
Native extension for WindowsStandalone target not found
Refreshing native plugins compatible for Editor in 0.72 ms, found 2 plugins.
Preloading 0 native plugins for Editor in 0.00 ms.
Mono: successfully reloaded assembly
- Completed reload, in  2.757 seconds
Platform modules already initialized, skipping
Refreshing native plugins compatible for Editor in 0.71 ms, found 2 plugins.
Preloading 0 native plugins for Editor in 0.00 ms.
Unloading 1383 Unused Serialized files (Serialized files now loaded: 0)
System memory in use before: 136.0 MB.
System memory in use after: 136.1 MB.

Unloading 13 unused Assets to reduce memory usage. Loaded Objects now: 1827.
Total: 4.913500 ms (FindLiveObjects: 0.287500 ms CreateObjectMapping: 0.101700 ms MarkObjects: 4.424100 ms  DeleteObjects: 0.097500 ms)

AssetImportParameters requested are different than current active one (requested -> active):
  custom:framework-win-MediaFoundation: 216162199b28c13a410421893ffa2e32 -> 
  custom:video-decoder-ogg-theora: a1e56fd34408186e4bbccfd4996cb3dc -> 
  custom:container-muxer-webm: aa71ff27fc2769a1b78a27578f13a17b -> 
  custom:container-demuxer-webm: 4f35f7cbe854078d1ac9338744f61a02 -> 
  custom:container-demuxer-ogg: 62fdf1f143b41e24485cea50d1cbac27 -> 
  custom:video-encoder-webm-vp8: eb34c28f22e8b96e1ab97ce403110664 -> 
  custom:video-codec-MediaFoundation-h265: 746d11721c4dcdbdad8f713fa42b33f4 -> 
  custom:video-decoder-webm-vp8: 9c59270c3fd7afecdb556c50c9e8de78 -> 
  custom:audio-decoder-ogg-vorbis: bf7c407c2cedff20999df2af8eb42d56 -> 
  custom:audio-encoder-webm-vorbis: bf7c407c2cedff20999df2af8eb42d56 -> 
AssetImportWorkerClient::OnTransportError - code=2 error=End of file
